<?xml version="1.0" encoding="UTF-8"?>
<!-- Generated by org.testng.reporters.JUnitReportReporter -->
<testsuite hostname="LAPTOP-FMUIBJ8U" failures="0" tests="3" name="pageObjectModelTestCases.LoginPageTest" time="3.019" errors="0" timestamp="2024-01-07T00:23:29 IST" skipped="0">
  <testcase classname="pageObjectModelTestCases.LoginPageTest" name="verifyUrl" time="0.039"/>
  <system-out/>
  <testcase classname="pageObjectModelTestCases.LoginPageTest" name="verifyTitle" time="0.033"/>
  <system-out/>
  <testcase classname="pageObjectModelTestCases.LoginPageTest" name="verifylogin" time="2.947"/>
  <system-out/>
</testsuite> <!-- pageObjectModelTestCases.LoginPageTest -->
