<?xml version="1.0" encoding="UTF-8"?>
<!-- Generated by org.testng.reporters.JUnitReportReporter -->
<testsuite hostname="LAPTOP-FMUIBJ8U" failures="0" tests="2" name="pageObjectModelTestCases.NewLoginPageTest" time="1.156" errors="0" timestamp="2023-12-23T19:12:20 IST" skipped="0">
  <testcase classname="pageObjectModelTestCases.NewLoginPageTest" name="verifyUrl" time="0.027"/>
  <system-out/>
  <testcase classname="pageObjectModelTestCases.NewLoginPageTest" name="verifyLogin" time="1.129"/>
  <system-out/>
</testsuite> <!-- pageObjectModelTestCases.NewLoginPageTest -->
