<?xml version="1.0" encoding="UTF-8"?>
<!-- Generated by org.testng.reporters.JUnitReportReporter -->
<testsuite hostname="LAPTOP-FMUIBJ8U" failures="0" tests="1" name="testNgDemo.TestDataUsingXml" time="0.032" errors="0" timestamp="2023-12-29T16:15:53 IST" skipped="0">
  <testcase classname="testNgDemo.TestDataUsingXml" name="loginTest" time="0.032"/>
  <system-out/>
</testsuite> <!-- testNgDemo.TestDataUsingXml -->
