<?xml version="1.0" encoding="UTF-8"?>
<!-- Generated by org.testng.reporters.JUnitReportReporter -->
<testsuite hostname="LAPTOP-FMUIBJ8U" failures="0" tests="4" name="testNgDemo.TesrDemo3_Priority" time="0.066" errors="0" timestamp="2023-12-22T17:17:17 IST" skipped="0">
  <testcase classname="testNgDemo.TesrDemo3_Priority" name="registerTest" time="0.002"/>
  <system-out/>
  <testcase classname="testNgDemo.TesrDemo3_Priority" name="loginTest" time="0.005"/>
  <system-out/>
  <testcase classname="testNgDemo.TesrDemo3_Priority" name="searchProductTest" time="0.012"/>
  <system-out/>
  <testcase classname="testNgDemo.TesrDemo3_Priority" name="addToCartTest" time="0.047"/>
  <system-out/>
</testsuite> <!-- testNgDemo.TesrDemo3_Priority -->
