<?xml version="1.0" encoding="UTF-8"?>
<!-- Generated by org.testng.reporters.JUnitReportReporter -->
<testsuite hostname="LAPTOP-FMUIBJ8U" failures="0" tests="2" name="testNgDemo.TestDisableExecution" time="0.022" errors="0" timestamp="2023-12-26T11:14:55 IST" skipped="1">
  <testcase classname="testNgDemo.TestDisableExecution" name="testcase4" time="0.022"/>
  <system-out/>
  <testcase classname="testNgDemo.TestDisableExecution" name="testcase3">
    <skipped/>
  </testcase> <!-- testcase3 -->
  <system-out/>
</testsuite> <!-- testNgDemo.TestDisableExecution -->
