<?xml version="1.0" encoding="UTF-8"?>
<!-- Generated by org.testng.reporters.JUnitReportReporter -->
<testsuite hostname="LAPTOP-FMUIBJ8U" failures="0" tests="3" name="testNgDemo.AnnotationDemo" time="0.047" errors="0" timestamp="2023-12-22T18:59:43 IST" skipped="0">
  <testcase classname="testNgDemo.AnnotationDemo" name="registerTest" time="0.033"/>
  <system-out/>
  <testcase classname="testNgDemo.AnnotationDemo" name="loginTest" time="0.007"/>
  <system-out/>
  <testcase classname="testNgDemo.AnnotationDemo" name="logoutTest" time="0.007"/>
  <system-out/>
</testsuite> <!-- testNgDemo.AnnotationDemo -->
