<?xml version="1.0" encoding="UTF-8"?>
<!-- Generated by org.testng.reporters.JUnitReportReporter -->
<testsuite hostname="LAPTOP-FMUIBJ8U" failures="0" tests="4" name="dataDrivernTest.UsingArray" time="0.025" errors="0" timestamp="2024-01-05T17:24:42 IST" skipped="0">
  <testcase classname="dataDrivernTest.UsingArray" name="loginTest" time="0.003"/>
  <system-out/>
  <testcase classname="dataDrivernTest.UsingArray" name="loginTest" time="0.013"/>
  <system-out/>
  <testcase classname="dataDrivernTest.UsingArray" name="loginTest" time="0.005"/>
  <system-out/>
  <testcase classname="dataDrivernTest.UsingArray" name="loginTest" time="0.004"/>
  <system-out/>
</testsuite> <!-- dataDrivernTest.UsingArray -->
