<?xml version="1.0" encoding="UTF-8"?>
<!-- Generated by org.testng.reporters.JUnitReportReporter -->
<testsuite hostname="LAPTOP-FMUIBJ8U" failures="0" tests="2" name="testNgDemo.TestDemo1" time="0.006" errors="0" timestamp="2023-12-22T17:17:17 IST" skipped="0">
  <testcase classname="testNgDemo.TestDemo1" name="testCase1" time="0.002"/>
  <system-out/>
  <testcase classname="testNgDemo.TestDemo1" name="testcase2" time="0.004"/>
  <system-out/>
</testsuite> <!-- testNgDemo.TestDemo1 -->
