<?xml version="1.0" encoding="UTF-8"?>
<!-- Generated by org.testng.reporters.JUnitReportReporter -->
<testsuite hostname="LAPTOP-FMUIBJ8U" failures="0" tests="1" name="testNgDemo.CRMTestDemo" time="9.771" errors="0" timestamp="2023-12-23T16:35:50 IST" skipped="0">
  <testcase classname="testNgDemo.CRMTestDemo" name="crmTest" time="9.771"/>
  <system-out/>
</testsuite> <!-- testNgDemo.CRMTestDemo -->
