<?xml version="1.0" encoding="UTF-8"?>
<!-- Generated by org.testng.reporters.JUnitReportReporter -->
<testsuite hostname="LAPTOP-FMUIBJ8U" failures="0" tests="2" name="realTimeAnnotationUse.CRMTestCases" time="2.431" errors="0" timestamp="2023-12-23T17:25:56 IST" skipped="0">
  <testcase classname="realTimeAnnotationUse.CRMTestCases" name="signInLinkValidation" time="1.039"/>
  <system-out/>
  <testcase classname="realTimeAnnotationUse.CRMTestCases" name="loginValidation" time="1.392"/>
  <system-out/>
</testsuite> <!-- realTimeAnnotationUse.CRMTestCases -->
