<?xml version="1.0" encoding="UTF-8"?>
<!-- Generated by org.testng.reporters.JUnitReportReporter -->
<testsuite hostname="LAPTOP-FMUIBJ8U" failures="0" tests="1" name="parallel_CrossBrowserTest.ClassTest1" time="9.847" errors="0" timestamp="2023-12-29T19:38:13 IST" skipped="0">
  <testcase classname="parallel_CrossBrowserTest.ClassTest1" name="chromeTest" time="9.847"/>
  <system-out/>
</testsuite> <!-- parallel_CrossBrowserTest.ClassTest1 -->
