<?xml version="1.0" encoding="UTF-8"?>
<!-- Generated by org.testng.reporters.JUnitReportReporter -->
<testsuite hostname="LAPTOP-FMUIBJ8U" failures="0" tests="1" name="testNgDemo.PropertiesFileGoogleRead" time="10.455" errors="0" timestamp="2023-12-29T18:51:32 IST" skipped="0">
  <testcase classname="testNgDemo.PropertiesFileGoogleRead" name="readFile" time="10.455"/>
  <system-out/>
</testsuite> <!-- testNgDemo.PropertiesFileGoogleRead -->
