<?xml version="1.0" encoding="UTF-8"?>
<!-- Generated by org.testng.reporters.JUnitReportReporter -->
<testsuite hostname="LAPTOP-FMUIBJ8U" failures="0" tests="3" name="parallel_CrossBrowserTest.CrossBrowserTest" time="40.835" errors="0" timestamp="2023-12-29T19:57:02 IST" skipped="0">
  <testcase classname="parallel_CrossBrowserTest.CrossBrowserTest" name="browserTest" time="14.483"/>
  <system-out/>
  <testcase classname="parallel_CrossBrowserTest.CrossBrowserTest" name="browserTest" time="20.320"/>
  <system-out/>
  <testcase classname="parallel_CrossBrowserTest.CrossBrowserTest" name="browserTest" time="6.032"/>
  <system-out/>
</testsuite> <!-- parallel_CrossBrowserTest.CrossBrowserTest -->
