<?xml version="1.0" encoding="UTF-8"?>
<!-- Generated by org.testng.reporters.JUnitReportReporter -->
<testsuite hostname="LAPTOP-FMUIBJ8U" failures="0" tests="1" name="testNgDemo.OrangeHrmDataPassingUsingXml" time="22.807" errors="0" timestamp="2024-01-05T17:18:40 IST" skipped="0">
  <testcase classname="testNgDemo.OrangeHrmDataPassingUsingXml" name="loginTest" time="22.807"/>
  <system-out/>
</testsuite> <!-- testNgDemo.OrangeHrmDataPassingUsingXml -->
