<?xml version="1.0" encoding="UTF-8"?>
<!-- Generated by org.testng.reporters.JUnitReportReporter -->
<testsuite hostname="LAPTOP-FMUIBJ8U" failures="0" tests="1" name="testNgDemo.GoogleTitleValidation" time="5.437" errors="0" timestamp="2023-12-22T17:17:17 IST" skipped="0">
  <testcase classname="testNgDemo.GoogleTitleValidation" name="titleValidation" time="5.437"/>
  <system-out/>
</testsuite> <!-- testNgDemo.GoogleTitleValidation -->
