<?xml version="1.0" encoding="UTF-8"?>
<!-- Generated by org.testng.reporters.JUnitReportReporter -->
<testsuite hostname="LAPTOP-FMUIBJ8U" failures="0" tests="5" name="testNgDemo.TestDemo4_InvocationCount" time="0.014" errors="0" timestamp="2023-12-22T17:17:17 IST" skipped="0">
  <testcase classname="testNgDemo.TestDemo4_InvocationCount" name="enrollForTheCourse" time="0.003"/>
  <system-out/>
  <testcase classname="testNgDemo.TestDemo4_InvocationCount" name="training" time="0.002"/>
  <system-out/>
  <testcase classname="testNgDemo.TestDemo4_InvocationCount" name="placementCall" time="0.002"/>
  <system-out/>
  <testcase classname="testNgDemo.TestDemo4_InvocationCount" name="placementCall" time="0.005"/>
  <system-out/>
  <testcase classname="testNgDemo.TestDemo4_InvocationCount" name="placementCall" time="0.002"/>
  <system-out/>
</testsuite> <!-- testNgDemo.TestDemo4_InvocationCount -->
