<?xml version="1.0" encoding="UTF-8"?>
<!-- Generated by org.testng.reporters.JUnitReportReporter -->
<testsuite hostname="LAPTOP-FMUIBJ8U" failures="0" tests="3" name="parallel_CrossBrowserTest.ParallelWithMethods" time="42.438" errors="0" timestamp="2023-12-29T19:28:23 IST" skipped="0">
  <testcase classname="parallel_CrossBrowserTest.ParallelWithMethods" name="chromeTest" time="9.485"/>
  <system-out/>
  <testcase classname="parallel_CrossBrowserTest.ParallelWithMethods" name="firefoxTest" time="18.100"/>
  <system-out/>
  <testcase classname="parallel_CrossBrowserTest.ParallelWithMethods" name="edgeTest" time="14.853"/>
  <system-out/>
</testsuite> <!-- parallel_CrossBrowserTest.ParallelWithMethods -->
