<?xml version="1.0" encoding="UTF-8"?>
<!-- Generated by org.testng.reporters.JUnitReportReporter -->
<testsuite hostname="LAPTOP-FMUIBJ8U" failures="0" tests="1" name="dataDrivernTest.ExcelDataRead" time="2.486" errors="0" timestamp="2023-12-30T20:28:11 IST" skipped="0">
  <testcase classname="dataDrivernTest.ExcelDataRead" name="dataRead" time="2.486"/>
  <system-out/>
</testsuite> <!-- dataDrivernTest.ExcelDataRead -->
