<?xml version="1.0" encoding="UTF-8"?>
<!-- Generated by org.testng.reporters.JUnitReportReporter -->
<testsuite hostname="LAPTOP-FMUIBJ8U" failures="0" tests="3" name="testNgDemo.GroupingTestDemo" time="0.034" errors="0" timestamp="2023-12-22T18:03:38 IST" skipped="0">
  <testcase classname="testNgDemo.GroupingTestDemo" name="verifylogin" time="0.024"/>
  <system-out/>
  <testcase classname="testNgDemo.GroupingTestDemo" name="verifyTitle" time="0.005"/>
  <system-out/>
  <testcase classname="testNgDemo.GroupingTestDemo" name="verifylogot" time="0.005"/>
  <system-out/>
</testsuite> <!-- testNgDemo.GroupingTestDemo -->
