<?xml version="1.0" encoding="UTF-8"?>
<!-- Generated by org.testng.reporters.JUnitReportReporter -->
<testsuite hostname="LAPTOP-FMUIBJ8U" failures="0" tests="1" name="testNgDemo.ScreenshotDemo" time="17.000" errors="0" timestamp="2023-12-28T23:56:58 IST" skipped="0">
  <testcase classname="testNgDemo.ScreenshotDemo" name="capture" time="17.000"/>
  <system-out/>
</testsuite> <!-- testNgDemo.ScreenshotDemo -->
