<?xml version="1.0" encoding="UTF-8"?>
<!-- Generated by org.testng.reporters.JUnitReportReporter -->
<testsuite hostname="LAPTOP-FMUIBJ8U" failures="0" tests="2" name="testNgDemo.AssertionInTestNg" time="0.010" errors="0" timestamp="2023-12-22T17:17:17 IST" skipped="0">
  <testcase classname="testNgDemo.AssertionInTestNg" name="hardAssertion" time="0.003"/>
  <system-out/>
  <testcase classname="testNgDemo.AssertionInTestNg" name="softAssertionTest" time="0.007"/>
  <system-out/>
</testsuite> <!-- testNgDemo.AssertionInTestNg -->
