<?xml version="1.0" encoding="UTF-8"?>
<!-- Generated by org.testng.reporters.JUnitReportReporter -->
<testsuite hostname="LAPTOP-FMUIBJ8U" failures="0" tests="1" name="dataDrivernTest.ExtentReportDemo" time="2.365" errors="0" timestamp="2023-12-31T15:33:47 IST" skipped="0">
  <testcase classname="dataDrivernTest.ExtentReportDemo" name="reportTest" time="2.365"/>
  <system-out/>
</testsuite> <!-- dataDrivernTest.ExtentReportDemo -->
